15:59:03.606 [ApplicationImpl pooled thread 166] INFO  c.b.l.BrowserStackRunExtension - testng
15:59:03.606 [ApplicationImpl pooled thread 166] INFO  com.browserstack.utils.Helpers - null
15:59:03.607 [ApplicationImpl pooled thread 166] INFO  c.b.l.BrowserStackRunExtension - Agent path: null
16:06:40.171 [ApplicationImpl pooled thread 186] INFO  c.b.l.BrowserStackRunExtension - testng
16:06:40.171 [ApplicationImpl pooled thread 186] INFO  com.browserstack.utils.Helpers - null
16:06:40.172 [ApplicationImpl pooled thread 186] INFO  c.b.l.BrowserStackRunExtension - Agent path: null
16:11:53.758 [ApplicationImpl pooled thread 202] INFO  c.b.l.BrowserStackRunExtension - testng
16:11:53.758 [ApplicationImpl pooled thread 202] INFO  com.browserstack.utils.Helpers - null
16:11:53.760 [ApplicationImpl pooled thread 202] INFO  c.b.l.BrowserStackRunExtension - Agent path: null
17:14:49.860 [ApplicationImpl pooled thread 221] INFO  c.b.l.BrowserStackRunExtension - testng
17:14:49.860 [ApplicationImpl pooled thread 221] INFO  com.browserstack.utils.Helpers - null
17:14:49.861 [ApplicationImpl pooled thread 221] INFO  c.b.l.BrowserStackRunExtension - Agent path: null
17:16:33.325 [ApplicationImpl pooled thread 218] INFO  c.b.l.BrowserStackRunExtension - testng
17:16:33.325 [ApplicationImpl pooled thread 218] INFO  com.browserstack.utils.Helpers - null
17:16:33.326 [ApplicationImpl pooled thread 218] INFO  c.b.l.BrowserStackRunExtension - Agent path: null
00:03:41.110 [ApplicationImpl pooled thread 102] INFO  c.b.l.BrowserStackRunExtension - testng
00:03:41.111 [ApplicationImpl pooled thread 102] INFO  com.browserstack.utils.Helpers - null
00:03:41.112 [ApplicationImpl pooled thread 102] INFO  c.b.l.BrowserStackRunExtension - Agent path: null
00:06:50.864 [ApplicationImpl pooled thread 79] INFO  c.b.l.BrowserStackRunExtension - testng
00:06:50.864 [ApplicationImpl pooled thread 79] INFO  com.browserstack.utils.Helpers - null
00:06:50.865 [ApplicationImpl pooled thread 79] INFO  c.b.l.BrowserStackRunExtension - Agent path: null
00:48:28.476 [ApplicationImpl pooled thread 160] INFO  c.b.l.BrowserStackRunExtension - testng
00:48:28.476 [ApplicationImpl pooled thread 160] INFO  com.browserstack.utils.Helpers - null
00:48:28.477 [ApplicationImpl pooled thread 160] INFO  c.b.l.BrowserStackRunExtension - Agent path: null
00:51:54.883 [ApplicationImpl pooled thread 162] INFO  c.b.l.BrowserStackRunExtension - testng
00:51:54.884 [ApplicationImpl pooled thread 162] INFO  com.browserstack.utils.Helpers - null
00:51:54.884 [ApplicationImpl pooled thread 162] INFO  c.b.l.BrowserStackRunExtension - Agent path: null
00:52:11.627 [ApplicationImpl pooled thread 167] INFO  c.b.l.BrowserStackRunExtension - testng
00:52:11.627 [ApplicationImpl pooled thread 167] INFO  com.browserstack.utils.Helpers - null
00:52:11.628 [ApplicationImpl pooled thread 167] INFO  c.b.l.BrowserStackRunExtension - Agent path: null
00:52:28.083 [ApplicationImpl pooled thread 156] INFO  c.b.l.BrowserStackRunExtension - testng
00:52:28.083 [ApplicationImpl pooled thread 156] INFO  com.browserstack.utils.Helpers - null
00:52:28.083 [ApplicationImpl pooled thread 156] INFO  c.b.l.BrowserStackRunExtension - Agent path: null
01:03:39.769 [ApplicationImpl pooled thread 155] INFO  c.b.l.BrowserStackRunExtension - testng
01:03:39.769 [ApplicationImpl pooled thread 155] INFO  com.browserstack.utils.Helpers - null
01:03:39.770 [ApplicationImpl pooled thread 155] INFO  c.b.l.BrowserStackRunExtension - Agent path: null
01:04:26.974 [ApplicationImpl pooled thread 179] INFO  c.b.l.BrowserStackRunExtension - testng
01:04:26.974 [ApplicationImpl pooled thread 179] INFO  com.browserstack.utils.Helpers - null
01:04:26.975 [ApplicationImpl pooled thread 179] INFO  c.b.l.BrowserStackRunExtension - Agent path: null
01:35:00.669 [ApplicationImpl pooled thread 198] INFO  c.b.l.BrowserStackRunExtension - testng
01:35:00.669 [ApplicationImpl pooled thread 198] INFO  com.browserstack.utils.Helpers - null
01:35:00.670 [ApplicationImpl pooled thread 198] INFO  c.b.l.BrowserStackRunExtension - Agent path: null
01:35:31.834 [ApplicationImpl pooled thread 204] INFO  c.b.l.BrowserStackRunExtension - testng
01:35:31.834 [ApplicationImpl pooled thread 204] INFO  com.browserstack.utils.Helpers - null
01:35:31.835 [ApplicationImpl pooled thread 204] INFO  c.b.l.BrowserStackRunExtension - Agent path: null
01:37:29.190 [ApplicationImpl pooled thread 204] INFO  c.b.l.BrowserStackRunExtension - testng
01:37:29.190 [ApplicationImpl pooled thread 204] INFO  com.browserstack.utils.Helpers - null
01:37:29.191 [ApplicationImpl pooled thread 204] INFO  c.b.l.BrowserStackRunExtension - Agent path: null
10:05:09.831 [ApplicationImpl pooled thread 72] INFO  c.b.l.BrowserStackRunExtension - testng
10:05:09.833 [ApplicationImpl pooled thread 72] INFO  com.browserstack.utils.Helpers - null
10:05:09.833 [ApplicationImpl pooled thread 72] INFO  c.b.l.BrowserStackRunExtension - Agent path: null
12:38:44.588 [ApplicationImpl pooled thread 103] INFO  c.b.l.BrowserStackRunExtension - testng
12:38:44.588 [ApplicationImpl pooled thread 103] INFO  com.browserstack.utils.Helpers - null
12:38:44.589 [ApplicationImpl pooled thread 103] INFO  c.b.l.BrowserStackRunExtension - Agent path: null
12:39:22.760 [ApplicationImpl pooled thread 110] INFO  c.b.l.BrowserStackRunExtension - testng
12:39:22.761 [ApplicationImpl pooled thread 110] INFO  com.browserstack.utils.Helpers - null
12:39:22.761 [ApplicationImpl pooled thread 110] INFO  c.b.l.BrowserStackRunExtension - Agent path: null
12:40:59.968 [ApplicationImpl pooled thread 112] INFO  c.b.l.BrowserStackRunExtension - testng
12:40:59.969 [ApplicationImpl pooled thread 112] INFO  com.browserstack.utils.Helpers - null
12:40:59.969 [ApplicationImpl pooled thread 112] INFO  c.b.l.BrowserStackRunExtension - Agent path: null
12:42:34.719 [ApplicationImpl pooled thread 105] INFO  c.b.l.BrowserStackRunExtension - testng
12:42:34.719 [ApplicationImpl pooled thread 105] INFO  com.browserstack.utils.Helpers - null
12:42:34.720 [ApplicationImpl pooled thread 105] INFO  c.b.l.BrowserStackRunExtension - Agent path: null
12:45:18.465 [ApplicationImpl pooled thread 109] INFO  c.b.l.BrowserStackRunExtension - testng
12:45:18.465 [ApplicationImpl pooled thread 109] INFO  com.browserstack.utils.Helpers - null
12:45:18.466 [ApplicationImpl pooled thread 109] INFO  c.b.l.BrowserStackRunExtension - Agent path: null
16:03:38.432 [ApplicationImpl pooled thread 121] INFO  c.b.l.BrowserStackRunExtension - testng
16:03:38.434 [ApplicationImpl pooled thread 121] INFO  com.browserstack.utils.Helpers - null
16:03:38.434 [ApplicationImpl pooled thread 121] INFO  c.b.l.BrowserStackRunExtension - Agent path: null
16:32:57.626 [ApplicationImpl pooled thread 170] INFO  c.b.l.BrowserStackRunExtension - testng
16:32:57.626 [ApplicationImpl pooled thread 170] INFO  com.browserstack.utils.Helpers - null
16:32:57.627 [ApplicationImpl pooled thread 170] INFO  c.b.l.BrowserStackRunExtension - Agent path: null
16:40:17.569 [ApplicationImpl pooled thread 171] INFO  c.b.l.BrowserStackRunExtension - testng
16:40:17.569 [ApplicationImpl pooled thread 171] INFO  com.browserstack.utils.Helpers - null
16:40:17.569 [ApplicationImpl pooled thread 171] INFO  c.b.l.BrowserStackRunExtension - Agent path: null
18:36:37.173 [ApplicationImpl pooled thread 81] INFO  c.b.l.BrowserStackRunExtension - testng
18:36:37.175 [ApplicationImpl pooled thread 81] INFO  com.browserstack.utils.Helpers - null
18:36:37.176 [ApplicationImpl pooled thread 81] INFO  c.b.l.BrowserStackRunExtension - Agent path: null
18:37:30.731 [ApplicationImpl pooled thread 83] INFO  c.b.l.BrowserStackRunExtension - testng
18:37:30.731 [ApplicationImpl pooled thread 83] INFO  com.browserstack.utils.Helpers - null
18:37:30.732 [ApplicationImpl pooled thread 83] INFO  c.b.l.BrowserStackRunExtension - Agent path: null
18:38:12.225 [ApplicationImpl pooled thread 90] INFO  c.b.l.BrowserStackRunExtension - testng
18:38:12.225 [ApplicationImpl pooled thread 90] INFO  com.browserstack.utils.Helpers - null
18:38:12.226 [ApplicationImpl pooled thread 90] INFO  c.b.l.BrowserStackRunExtension - Agent path: null
18:38:46.882 [ApplicationImpl pooled thread 96] INFO  c.b.l.BrowserStackRunExtension - testng
18:38:46.882 [ApplicationImpl pooled thread 96] INFO  com.browserstack.utils.Helpers - null
18:38:46.883 [ApplicationImpl pooled thread 96] INFO  c.b.l.BrowserStackRunExtension - Agent path: null
22:18:04.691 [ApplicationImpl pooled thread 41] INFO  c.b.l.BrowserStackRunExtension - testng
22:18:04.693 [ApplicationImpl pooled thread 41] INFO  com.browserstack.utils.Helpers - null
22:18:04.694 [ApplicationImpl pooled thread 41] INFO  c.b.l.BrowserStackRunExtension - Agent path: null
22:19:47.284 [ApplicationImpl pooled thread 46] INFO  c.b.l.BrowserStackRunExtension - testng
22:19:47.285 [ApplicationImpl pooled thread 46] INFO  com.browserstack.utils.Helpers - null
22:19:47.285 [ApplicationImpl pooled thread 46] INFO  c.b.l.BrowserStackRunExtension - Agent path: null
22:21:16.424 [ApplicationImpl pooled thread 52] INFO  c.b.l.BrowserStackRunExtension - testng
22:21:16.424 [ApplicationImpl pooled thread 52] INFO  com.browserstack.utils.Helpers - null
22:21:16.425 [ApplicationImpl pooled thread 52] INFO  c.b.l.BrowserStackRunExtension - Agent path: null
22:22:03.513 [ApplicationImpl pooled thread 59] INFO  c.b.l.BrowserStackRunExtension - testng
22:22:03.513 [ApplicationImpl pooled thread 59] INFO  com.browserstack.utils.Helpers - null
22:22:03.514 [ApplicationImpl pooled thread 59] INFO  c.b.l.BrowserStackRunExtension - Agent path: null
22:33:56.153 [ApplicationImpl pooled thread 73] INFO  c.b.l.BrowserStackRunExtension - testng
22:33:56.153 [ApplicationImpl pooled thread 73] INFO  com.browserstack.utils.Helpers - null
22:33:56.153 [ApplicationImpl pooled thread 73] INFO  c.b.l.BrowserStackRunExtension - Agent path: null
22:47:10.331 [ApplicationImpl pooled thread 78] INFO  c.b.l.BrowserStackRunExtension - testng
22:47:10.331 [ApplicationImpl pooled thread 78] INFO  com.browserstack.utils.Helpers - null
22:47:10.332 [ApplicationImpl pooled thread 78] INFO  c.b.l.BrowserStackRunExtension - Agent path: null
22:48:07.617 [ApplicationImpl pooled thread 84] INFO  c.b.l.BrowserStackRunExtension - testng
22:48:07.617 [ApplicationImpl pooled thread 84] INFO  com.browserstack.utils.Helpers - null
22:48:07.617 [ApplicationImpl pooled thread 84] INFO  c.b.l.BrowserStackRunExtension - Agent path: null
12:47:46.836 [ApplicationImpl pooled thread 45] INFO  c.b.l.BrowserStackRunExtension - testng
12:47:46.838 [ApplicationImpl pooled thread 45] INFO  com.browserstack.utils.Helpers - null
12:47:46.839 [ApplicationImpl pooled thread 45] INFO  c.b.l.BrowserStackRunExtension - Agent path: null
12:48:04.034 [ApplicationImpl pooled thread 40] INFO  c.b.l.BrowserStackRunExtension - testng
12:48:04.035 [ApplicationImpl pooled thread 40] INFO  com.browserstack.utils.Helpers - null
12:48:04.036 [ApplicationImpl pooled thread 40] INFO  c.b.l.BrowserStackRunExtension - Agent path: null
12:49:28.647 [ApplicationImpl pooled thread 38] INFO  c.b.l.BrowserStackRunExtension - testng
12:49:28.647 [ApplicationImpl pooled thread 38] INFO  com.browserstack.utils.Helpers - null
12:49:28.648 [ApplicationImpl pooled thread 38] INFO  c.b.l.BrowserStackRunExtension - Agent path: null
12:52:55.195 [ApplicationImpl pooled thread 49] INFO  c.b.l.BrowserStackRunExtension - testng
12:52:55.195 [ApplicationImpl pooled thread 49] INFO  com.browserstack.utils.Helpers - null
12:52:55.196 [ApplicationImpl pooled thread 49] INFO  c.b.l.BrowserStackRunExtension - Agent path: null
12:59:19.837 [ApplicationImpl pooled thread 15] INFO  c.b.l.BrowserStackRunExtension - testng
12:59:19.838 [ApplicationImpl pooled thread 15] INFO  com.browserstack.utils.Helpers - null
12:59:19.838 [ApplicationImpl pooled thread 15] INFO  c.b.l.BrowserStackRunExtension - Agent path: null
13:19:03.242 [ApplicationImpl pooled thread 65] INFO  c.b.l.BrowserStackRunExtension - testng
13:19:03.242 [ApplicationImpl pooled thread 65] INFO  com.browserstack.utils.Helpers - null
13:19:03.243 [ApplicationImpl pooled thread 65] INFO  c.b.l.BrowserStackRunExtension - Agent path: null
13:21:44.680 [ApplicationImpl pooled thread 82] INFO  c.b.l.BrowserStackRunExtension - testng
13:21:44.680 [ApplicationImpl pooled thread 82] INFO  com.browserstack.utils.Helpers - null
13:21:44.681 [ApplicationImpl pooled thread 82] INFO  c.b.l.BrowserStackRunExtension - Agent path: null
13:24:01.147 [ApplicationImpl pooled thread 79] INFO  c.b.l.BrowserStackRunExtension - testng
13:24:01.147 [ApplicationImpl pooled thread 79] INFO  com.browserstack.utils.Helpers - null
13:24:01.148 [ApplicationImpl pooled thread 79] INFO  c.b.l.BrowserStackRunExtension - Agent path: null
14:11:06.317 [ApplicationImpl pooled thread 88] INFO  c.b.l.BrowserStackRunExtension - testng
14:11:06.317 [ApplicationImpl pooled thread 88] INFO  com.browserstack.utils.Helpers - null
14:11:06.318 [ApplicationImpl pooled thread 88] INFO  c.b.l.BrowserStackRunExtension - Agent path: null
14:12:45.686 [ApplicationImpl pooled thread 80] INFO  c.b.l.BrowserStackRunExtension - testng
14:12:45.686 [ApplicationImpl pooled thread 80] INFO  com.browserstack.utils.Helpers - null
14:12:45.687 [ApplicationImpl pooled thread 80] INFO  c.b.l.BrowserStackRunExtension - Agent path: null
14:14:12.349 [ApplicationImpl pooled thread 91] INFO  c.b.l.BrowserStackRunExtension - testng
14:14:12.349 [ApplicationImpl pooled thread 91] INFO  com.browserstack.utils.Helpers - null
14:14:12.350 [ApplicationImpl pooled thread 91] INFO  c.b.l.BrowserStackRunExtension - Agent path: null
14:21:31.237 [ApplicationImpl pooled thread 104] INFO  c.b.l.BrowserStackRunExtension - testng
14:21:31.238 [ApplicationImpl pooled thread 104] INFO  com.browserstack.utils.Helpers - null
14:21:31.238 [ApplicationImpl pooled thread 104] INFO  c.b.l.BrowserStackRunExtension - Agent path: null
14:22:35.000 [ApplicationImpl pooled thread 105] INFO  c.b.l.BrowserStackRunExtension - testng
14:22:35.000 [ApplicationImpl pooled thread 105] INFO  com.browserstack.utils.Helpers - null
14:22:35.001 [ApplicationImpl pooled thread 105] INFO  c.b.l.BrowserStackRunExtension - Agent path: null
14:24:09.450 [ApplicationImpl pooled thread 105] INFO  c.b.l.BrowserStackRunExtension - testng
14:24:09.451 [ApplicationImpl pooled thread 105] INFO  com.browserstack.utils.Helpers - null
14:24:09.451 [ApplicationImpl pooled thread 105] INFO  c.b.l.BrowserStackRunExtension - Agent path: null
14:25:38.298 [ApplicationImpl pooled thread 94] INFO  c.b.l.BrowserStackRunExtension - testng
14:25:38.298 [ApplicationImpl pooled thread 94] INFO  com.browserstack.utils.Helpers - null
14:25:38.300 [ApplicationImpl pooled thread 94] INFO  c.b.l.BrowserStackRunExtension - Agent path: null
15:03:25.749 [ApplicationImpl pooled thread 130] INFO  c.b.l.BrowserStackRunExtension - testng
15:03:25.749 [ApplicationImpl pooled thread 130] INFO  com.browserstack.utils.Helpers - null
15:03:25.749 [ApplicationImpl pooled thread 130] INFO  c.b.l.BrowserStackRunExtension - Agent path: null
15:13:03.966 [ApplicationImpl pooled thread 136] INFO  c.b.l.BrowserStackRunExtension - testng
15:13:03.966 [ApplicationImpl pooled thread 136] INFO  com.browserstack.utils.Helpers - null
15:13:03.966 [ApplicationImpl pooled thread 136] INFO  c.b.l.BrowserStackRunExtension - Agent path: null
15:14:10.068 [ApplicationImpl pooled thread 132] INFO  c.b.l.BrowserStackRunExtension - testng
15:14:10.068 [ApplicationImpl pooled thread 132] INFO  com.browserstack.utils.Helpers - null
15:14:10.068 [ApplicationImpl pooled thread 132] INFO  c.b.l.BrowserStackRunExtension - Agent path: null
15:24:30.140 [ApplicationImpl pooled thread 141] INFO  c.b.l.BrowserStackRunExtension - testng
15:24:30.140 [ApplicationImpl pooled thread 141] INFO  com.browserstack.utils.Helpers - null
15:24:30.141 [ApplicationImpl pooled thread 141] INFO  c.b.l.BrowserStackRunExtension - Agent path: null
15:49:55.205 [ApplicationImpl pooled thread 163] INFO  c.b.l.BrowserStackRunExtension - testng
15:49:55.206 [ApplicationImpl pooled thread 163] INFO  com.browserstack.utils.Helpers - null
15:49:55.206 [ApplicationImpl pooled thread 163] INFO  c.b.l.BrowserStackRunExtension - Agent path: null
15:52:08.853 [ApplicationImpl pooled thread 159] INFO  c.b.l.BrowserStackRunExtension - testng
15:52:08.853 [ApplicationImpl pooled thread 159] INFO  com.browserstack.utils.Helpers - null
15:52:08.854 [ApplicationImpl pooled thread 159] INFO  c.b.l.BrowserStackRunExtension - Agent path: null
17:13:55.303 [ApplicationImpl pooled thread 179] INFO  c.b.l.BrowserStackRunExtension - testng
17:13:55.303 [ApplicationImpl pooled thread 179] INFO  com.browserstack.utils.Helpers - null
17:13:55.303 [ApplicationImpl pooled thread 179] INFO  c.b.l.BrowserStackRunExtension - Agent path: null
17:15:42.342 [ApplicationImpl pooled thread 184] INFO  c.b.l.BrowserStackRunExtension - testng
17:15:42.342 [ApplicationImpl pooled thread 184] INFO  com.browserstack.utils.Helpers - null
17:15:42.342 [ApplicationImpl pooled thread 184] INFO  c.b.l.BrowserStackRunExtension - Agent path: null
14:53:17.252 [ApplicationImpl pooled thread 18] INFO  c.b.l.BrowserStackRunExtension - testng
14:53:17.254 [ApplicationImpl pooled thread 18] INFO  com.browserstack.utils.Helpers - null
14:53:17.255 [ApplicationImpl pooled thread 18] INFO  c.b.l.BrowserStackRunExtension - Agent path: null
14:54:13.991 [ApplicationImpl pooled thread 37] INFO  c.b.l.BrowserStackRunExtension - testng
14:54:13.991 [ApplicationImpl pooled thread 37] INFO  com.browserstack.utils.Helpers - null
14:54:13.992 [ApplicationImpl pooled thread 37] INFO  c.b.l.BrowserStackRunExtension - Agent path: null
16:11:38.373 [ApplicationImpl pooled thread 154] INFO  c.b.l.BrowserStackRunExtension - testng
16:11:38.373 [ApplicationImpl pooled thread 154] INFO  com.browserstack.utils.Helpers - null
16:11:38.374 [ApplicationImpl pooled thread 154] INFO  com.browserstack.utils.Helpers - C:/Users/moham/.m2/repository/com/browserstack/browserstack-java-sdk/1.10.4/browserstack-java-sdk-1.10.4.jar
16:11:38.374 [ApplicationImpl pooled thread 154] INFO  c.b.l.BrowserStackRunExtension - Agent path: C:/Users/moham/.m2/repository/com/browserstack/browserstack-java-sdk/1.10.4/browserstack-java-sdk-1.10.4.jar
16:11:38.374 [ApplicationImpl pooled thread 154] INFO  c.b.l.BrowserStackRunExtension - Plugin version: v1.1.2
17:03:21.718 [ApplicationImpl pooled thread 197] INFO  c.b.l.BrowserStackRunExtension - testng
17:03:21.719 [ApplicationImpl pooled thread 197] INFO  com.browserstack.utils.Helpers - null
17:03:21.719 [ApplicationImpl pooled thread 197] INFO  com.browserstack.utils.Helpers - C:/Users/moham/.m2/repository/com/browserstack/browserstack-java-sdk/1.10.4/browserstack-java-sdk-1.10.4.jar
17:03:21.719 [ApplicationImpl pooled thread 197] INFO  c.b.l.BrowserStackRunExtension - Agent path: C:/Users/moham/.m2/repository/com/browserstack/browserstack-java-sdk/1.10.4/browserstack-java-sdk-1.10.4.jar
17:03:21.719 [ApplicationImpl pooled thread 197] INFO  c.b.l.BrowserStackRunExtension - Plugin version: v1.1.2
17:07:30.881 [ApplicationImpl pooled thread 198] INFO  c.b.l.BrowserStackRunExtension - testng
17:07:30.881 [ApplicationImpl pooled thread 198] INFO  com.browserstack.utils.Helpers - null
17:07:30.881 [ApplicationImpl pooled thread 198] INFO  com.browserstack.utils.Helpers - C:/Users/moham/.m2/repository/com/browserstack/browserstack-java-sdk/1.10.4/browserstack-java-sdk-1.10.4.jar
17:07:30.881 [ApplicationImpl pooled thread 198] INFO  c.b.l.BrowserStackRunExtension - Agent path: C:/Users/moham/.m2/repository/com/browserstack/browserstack-java-sdk/1.10.4/browserstack-java-sdk-1.10.4.jar
17:07:30.881 [ApplicationImpl pooled thread 198] INFO  c.b.l.BrowserStackRunExtension - Plugin version: v1.1.2
17:10:26.051 [ApplicationImpl pooled thread 221] INFO  c.b.l.BrowserStackRunExtension - testng
17:10:26.051 [ApplicationImpl pooled thread 221] INFO  com.browserstack.utils.Helpers - null
17:10:26.053 [ApplicationImpl pooled thread 221] INFO  com.browserstack.utils.Helpers - C:/Users/moham/.m2/repository/com/browserstack/browserstack-java-sdk/1.10.4/browserstack-java-sdk-1.10.4.jar
17:10:26.053 [ApplicationImpl pooled thread 221] INFO  c.b.l.BrowserStackRunExtension - Agent path: C:/Users/moham/.m2/repository/com/browserstack/browserstack-java-sdk/1.10.4/browserstack-java-sdk-1.10.4.jar
17:10:26.053 [ApplicationImpl pooled thread 221] INFO  c.b.l.BrowserStackRunExtension - Plugin version: v1.1.2
17:25:41.958 [ApplicationImpl pooled thread 299] INFO  c.b.l.BrowserStackRunExtension - testng
17:25:41.958 [ApplicationImpl pooled thread 299] INFO  com.browserstack.utils.Helpers - null
17:25:41.959 [ApplicationImpl pooled thread 299] INFO  com.browserstack.utils.Helpers - C:/Users/moham/.m2/repository/com/browserstack/browserstack-java-sdk/1.10.4/browserstack-java-sdk-1.10.4.jar
17:25:41.959 [ApplicationImpl pooled thread 299] INFO  c.b.l.BrowserStackRunExtension - Agent path: C:/Users/moham/.m2/repository/com/browserstack/browserstack-java-sdk/1.10.4/browserstack-java-sdk-1.10.4.jar
17:25:41.959 [ApplicationImpl pooled thread 299] INFO  c.b.l.BrowserStackRunExtension - Plugin version: v1.1.2
17:27:41.702 [ApplicationImpl pooled thread 325] INFO  c.b.l.BrowserStackRunExtension - testng
17:27:41.702 [ApplicationImpl pooled thread 325] INFO  com.browserstack.utils.Helpers - null
17:27:41.702 [ApplicationImpl pooled thread 325] INFO  c.b.l.BrowserStackRunExtension - Agent path: null
17:28:10.599 [ApplicationImpl pooled thread 335] INFO  c.b.l.BrowserStackRunExtension - testng
17:28:10.599 [ApplicationImpl pooled thread 335] INFO  com.browserstack.utils.Helpers - null
17:28:10.600 [ApplicationImpl pooled thread 335] INFO  c.b.l.BrowserStackRunExtension - Agent path: null
17:30:00.643 [ApplicationImpl pooled thread 326] INFO  c.b.l.BrowserStackRunExtension - testng
17:30:00.643 [ApplicationImpl pooled thread 326] INFO  com.browserstack.utils.Helpers - null
17:30:00.643 [ApplicationImpl pooled thread 326] INFO  c.b.l.BrowserStackRunExtension - Agent path: null
17:31:19.712 [ApplicationImpl pooled thread 368] INFO  c.b.l.BrowserStackRunExtension - testng
17:31:19.712 [ApplicationImpl pooled thread 368] INFO  com.browserstack.utils.Helpers - null
17:31:19.713 [ApplicationImpl pooled thread 368] INFO  c.b.l.BrowserStackRunExtension - Agent path: null
17:32:18.818 [ApplicationImpl pooled thread 383] INFO  c.b.l.BrowserStackRunExtension - testng
17:32:18.818 [ApplicationImpl pooled thread 383] INFO  com.browserstack.utils.Helpers - null
17:32:18.819 [ApplicationImpl pooled thread 383] INFO  c.b.l.BrowserStackRunExtension - Agent path: null
17:33:41.529 [ApplicationImpl pooled thread 395] INFO  c.b.l.BrowserStackRunExtension - testng
17:33:41.529 [ApplicationImpl pooled thread 395] INFO  com.browserstack.utils.Helpers - null
17:33:41.531 [ApplicationImpl pooled thread 395] INFO  c.b.l.BrowserStackRunExtension - Agent path: null
17:34:31.111 [ApplicationImpl pooled thread 408] INFO  c.b.l.BrowserStackRunExtension - testng
17:34:31.111 [ApplicationImpl pooled thread 408] INFO  com.browserstack.utils.Helpers - null
17:34:31.113 [ApplicationImpl pooled thread 408] INFO  c.b.l.BrowserStackRunExtension - Agent path: null
17:36:54.099 [ApplicationImpl pooled thread 393] INFO  c.b.l.BrowserStackRunExtension - testng
17:36:54.099 [ApplicationImpl pooled thread 393] INFO  com.browserstack.utils.Helpers - null
17:36:54.101 [ApplicationImpl pooled thread 393] INFO  c.b.l.BrowserStackRunExtension - Agent path: null
17:37:38.036 [ApplicationImpl pooled thread 411] INFO  c.b.l.BrowserStackRunExtension - testng
17:37:38.036 [ApplicationImpl pooled thread 411] INFO  com.browserstack.utils.Helpers - null
17:37:38.037 [ApplicationImpl pooled thread 411] INFO  c.b.l.BrowserStackRunExtension - Agent path: null
17:40:37.026 [ApplicationImpl pooled thread 394] INFO  c.b.l.BrowserStackRunExtension - testng
17:40:37.026 [ApplicationImpl pooled thread 394] INFO  com.browserstack.utils.Helpers - null
17:40:37.027 [ApplicationImpl pooled thread 394] INFO  c.b.l.BrowserStackRunExtension - Agent path: null
17:41:19.637 [ApplicationImpl pooled thread 411] INFO  c.b.l.BrowserStackRunExtension - testng
17:41:19.637 [ApplicationImpl pooled thread 411] INFO  com.browserstack.utils.Helpers - null
17:41:19.639 [ApplicationImpl pooled thread 411] INFO  c.b.l.BrowserStackRunExtension - Agent path: null
17:42:47.918 [ApplicationImpl pooled thread 395] INFO  c.b.l.BrowserStackRunExtension - testng
17:42:47.918 [ApplicationImpl pooled thread 395] INFO  com.browserstack.utils.Helpers - null
17:42:47.920 [ApplicationImpl pooled thread 395] INFO  c.b.l.BrowserStackRunExtension - Agent path: null
17:43:36.191 [ApplicationImpl pooled thread 417] INFO  c.b.l.BrowserStackRunExtension - testng
17:43:36.191 [ApplicationImpl pooled thread 417] INFO  com.browserstack.utils.Helpers - null
17:43:36.192 [ApplicationImpl pooled thread 417] INFO  c.b.l.BrowserStackRunExtension - Agent path: null
16:04:29.591 [ApplicationImpl pooled thread 62] INFO  c.b.l.BrowserStackRunExtension - testng
16:04:29.594 [ApplicationImpl pooled thread 62] INFO  com.browserstack.utils.Helpers - null
16:04:29.595 [ApplicationImpl pooled thread 62] INFO  c.b.l.BrowserStackRunExtension - Agent path: null
16:05:37.234 [ApplicationImpl pooled thread 84] INFO  c.b.l.BrowserStackRunExtension - testng
16:05:37.234 [ApplicationImpl pooled thread 84] INFO  com.browserstack.utils.Helpers - null
16:05:37.235 [ApplicationImpl pooled thread 84] INFO  c.b.l.BrowserStackRunExtension - Agent path: null
16:06:28.138 [ApplicationImpl pooled thread 90] INFO  c.b.l.BrowserStackRunExtension - testng
16:06:28.138 [ApplicationImpl pooled thread 90] INFO  com.browserstack.utils.Helpers - null
16:06:28.139 [ApplicationImpl pooled thread 90] INFO  c.b.l.BrowserStackRunExtension - Agent path: null
16:07:14.005 [ApplicationImpl pooled thread 98] INFO  c.b.l.BrowserStackRunExtension - testng
16:07:14.005 [ApplicationImpl pooled thread 98] INFO  com.browserstack.utils.Helpers - null
16:07:14.006 [ApplicationImpl pooled thread 98] INFO  c.b.l.BrowserStackRunExtension - Agent path: null
16:08:28.239 [ApplicationImpl pooled thread 97] INFO  c.b.l.BrowserStackRunExtension - testng
16:08:28.239 [ApplicationImpl pooled thread 97] INFO  com.browserstack.utils.Helpers - null
16:08:28.241 [ApplicationImpl pooled thread 97] INFO  c.b.l.BrowserStackRunExtension - Agent path: null
17:43:48.348 [ApplicationImpl pooled thread 146] INFO  c.b.l.BrowserStackRunExtension - testng
17:43:48.349 [ApplicationImpl pooled thread 146] INFO  com.browserstack.utils.Helpers - null
17:43:48.349 [ApplicationImpl pooled thread 146] INFO  c.b.l.BrowserStackRunExtension - Agent path: null
17:44:14.741 [ApplicationImpl pooled thread 150] INFO  c.b.l.BrowserStackRunExtension - testng
17:44:14.742 [ApplicationImpl pooled thread 150] INFO  com.browserstack.utils.Helpers - null
17:44:14.742 [ApplicationImpl pooled thread 150] INFO  c.b.l.BrowserStackRunExtension - Agent path: null
17:44:57.454 [ApplicationImpl pooled thread 145] INFO  c.b.l.BrowserStackRunExtension - testng
17:44:57.454 [ApplicationImpl pooled thread 145] INFO  com.browserstack.utils.Helpers - null
17:44:57.454 [ApplicationImpl pooled thread 145] INFO  c.b.l.BrowserStackRunExtension - Agent path: null
17:45:40.675 [ApplicationImpl pooled thread 149] INFO  c.b.l.BrowserStackRunExtension - testng
17:45:40.675 [ApplicationImpl pooled thread 149] INFO  com.browserstack.utils.Helpers - null
17:45:40.675 [ApplicationImpl pooled thread 149] INFO  c.b.l.BrowserStackRunExtension - Agent path: null
17:46:18.972 [ApplicationImpl pooled thread 143] INFO  c.b.l.BrowserStackRunExtension - testng
17:46:18.972 [ApplicationImpl pooled thread 143] INFO  com.browserstack.utils.Helpers - null
17:46:18.973 [ApplicationImpl pooled thread 143] INFO  c.b.l.BrowserStackRunExtension - Agent path: null
17:47:08.725 [ApplicationImpl pooled thread 147] INFO  c.b.l.BrowserStackRunExtension - testng
17:47:08.725 [ApplicationImpl pooled thread 147] INFO  com.browserstack.utils.Helpers - null
17:47:08.726 [ApplicationImpl pooled thread 147] INFO  c.b.l.BrowserStackRunExtension - Agent path: null
17:48:03.561 [ApplicationImpl pooled thread 138] INFO  c.b.l.BrowserStackRunExtension - testng
17:48:03.562 [ApplicationImpl pooled thread 138] INFO  com.browserstack.utils.Helpers - null
17:48:03.562 [ApplicationImpl pooled thread 138] INFO  c.b.l.BrowserStackRunExtension - Agent path: null
17:49:02.515 [ApplicationImpl pooled thread 152] INFO  c.b.l.BrowserStackRunExtension - testng
17:49:02.516 [ApplicationImpl pooled thread 152] INFO  com.browserstack.utils.Helpers - null
17:49:02.516 [ApplicationImpl pooled thread 152] INFO  c.b.l.BrowserStackRunExtension - Agent path: null
17:49:56.478 [ApplicationImpl pooled thread 153] INFO  c.b.l.BrowserStackRunExtension - testng
17:49:56.479 [ApplicationImpl pooled thread 153] INFO  com.browserstack.utils.Helpers - null
17:49:56.480 [ApplicationImpl pooled thread 153] INFO  c.b.l.BrowserStackRunExtension - Agent path: null
17:51:23.320 [ApplicationImpl pooled thread 154] INFO  c.b.l.BrowserStackRunExtension - testng
17:51:23.320 [ApplicationImpl pooled thread 154] INFO  com.browserstack.utils.Helpers - null
17:51:23.320 [ApplicationImpl pooled thread 154] INFO  c.b.l.BrowserStackRunExtension - Agent path: null
19:58:56.723 [ApplicationImpl pooled thread 182] INFO  c.b.l.BrowserStackRunExtension - testng
19:58:56.723 [ApplicationImpl pooled thread 182] INFO  com.browserstack.utils.Helpers - null
19:58:56.723 [ApplicationImpl pooled thread 182] INFO  c.b.l.BrowserStackRunExtension - Agent path: null
20:01:20.566 [ApplicationImpl pooled thread 189] INFO  c.b.l.BrowserStackRunExtension - testng
20:01:20.566 [ApplicationImpl pooled thread 189] INFO  com.browserstack.utils.Helpers - null
20:01:20.567 [ApplicationImpl pooled thread 189] INFO  c.b.l.BrowserStackRunExtension - Agent path: null
20:07:01.312 [ApplicationImpl pooled thread 189] INFO  c.b.l.BrowserStackRunExtension - testng
20:07:01.313 [ApplicationImpl pooled thread 189] INFO  com.browserstack.utils.Helpers - null
20:07:01.313 [ApplicationImpl pooled thread 189] INFO  c.b.l.BrowserStackRunExtension - Agent path: null
20:08:43.569 [ApplicationImpl pooled thread 200] INFO  c.b.l.BrowserStackRunExtension - testng
20:08:43.570 [ApplicationImpl pooled thread 200] INFO  com.browserstack.utils.Helpers - null
20:08:43.570 [ApplicationImpl pooled thread 200] INFO  c.b.l.BrowserStackRunExtension - Agent path: null
20:10:33.415 [ApplicationImpl pooled thread 204] INFO  c.b.l.BrowserStackRunExtension - testng
20:10:33.415 [ApplicationImpl pooled thread 204] INFO  com.browserstack.utils.Helpers - null
20:10:33.415 [ApplicationImpl pooled thread 204] INFO  c.b.l.BrowserStackRunExtension - Agent path: null
20:16:48.965 [ApplicationImpl pooled thread 210] INFO  c.b.l.BrowserStackRunExtension - testng
20:16:48.965 [ApplicationImpl pooled thread 210] INFO  com.browserstack.utils.Helpers - null
20:16:48.965 [ApplicationImpl pooled thread 210] INFO  c.b.l.BrowserStackRunExtension - Agent path: null
20:21:14.442 [ApplicationImpl pooled thread 216] INFO  c.b.l.BrowserStackRunExtension - testng
20:21:14.443 [ApplicationImpl pooled thread 216] INFO  com.browserstack.utils.Helpers - null
20:21:14.443 [ApplicationImpl pooled thread 216] INFO  c.b.l.BrowserStackRunExtension - Agent path: null
21:10:49.028 [ApplicationImpl pooled thread 270] INFO  c.b.l.BrowserStackRunExtension - testng
21:10:49.028 [ApplicationImpl pooled thread 270] INFO  com.browserstack.utils.Helpers - null
21:10:49.028 [ApplicationImpl pooled thread 270] INFO  c.b.l.BrowserStackRunExtension - Agent path: null
21:11:31.362 [ApplicationImpl pooled thread 286] INFO  c.b.l.BrowserStackRunExtension - testng
21:11:31.362 [ApplicationImpl pooled thread 286] INFO  com.browserstack.utils.Helpers - null
21:11:31.363 [ApplicationImpl pooled thread 286] INFO  c.b.l.BrowserStackRunExtension - Agent path: null
21:12:50.353 [ApplicationImpl pooled thread 296] INFO  c.b.l.BrowserStackRunExtension - testng
21:12:50.353 [ApplicationImpl pooled thread 296] INFO  com.browserstack.utils.Helpers - null
21:12:50.355 [ApplicationImpl pooled thread 296] INFO  c.b.l.BrowserStackRunExtension - Agent path: null
21:18:11.871 [ApplicationImpl pooled thread 308] INFO  c.b.l.BrowserStackRunExtension - testng
21:18:11.871 [ApplicationImpl pooled thread 308] INFO  com.browserstack.utils.Helpers - null
21:18:11.872 [ApplicationImpl pooled thread 308] INFO  c.b.l.BrowserStackRunExtension - Agent path: null
21:29:59.542 [ApplicationImpl pooled thread 333] INFO  c.b.l.BrowserStackRunExtension - testng
21:29:59.542 [ApplicationImpl pooled thread 333] INFO  com.browserstack.utils.Helpers - null
21:29:59.542 [ApplicationImpl pooled thread 333] INFO  c.b.l.BrowserStackRunExtension - Agent path: null
22:45:54.400 [ApplicationImpl pooled thread 428] INFO  c.b.l.BrowserStackRunExtension - junit
22:45:54.400 [ApplicationImpl pooled thread 428] INFO  com.browserstack.utils.Helpers - null
22:45:54.401 [ApplicationImpl pooled thread 428] INFO  c.b.l.BrowserStackRunExtension - Agent path: null
23:15:38.768 [ApplicationImpl pooled thread 511] INFO  c.b.l.BrowserStackRunExtension - testng
23:15:38.768 [ApplicationImpl pooled thread 511] INFO  com.browserstack.utils.Helpers - null
23:15:38.770 [ApplicationImpl pooled thread 511] INFO  c.b.l.BrowserStackRunExtension - Agent path: null
23:18:03.387 [ApplicationImpl pooled thread 520] INFO  c.b.l.BrowserStackRunExtension - junit
23:18:03.387 [ApplicationImpl pooled thread 520] INFO  com.browserstack.utils.Helpers - null
23:18:03.388 [ApplicationImpl pooled thread 520] INFO  c.b.l.BrowserStackRunExtension - Agent path: null
23:18:22.211 [ApplicationImpl pooled thread 520] INFO  c.b.l.BrowserStackRunExtension - junit
23:18:22.211 [ApplicationImpl pooled thread 520] INFO  com.browserstack.utils.Helpers - null
23:18:22.212 [ApplicationImpl pooled thread 520] INFO  c.b.l.BrowserStackRunExtension - Agent path: null
23:34:18.913 [ApplicationImpl pooled thread 533] INFO  c.b.l.BrowserStackRunExtension - testng
23:34:18.913 [ApplicationImpl pooled thread 533] INFO  com.browserstack.utils.Helpers - null
23:34:18.913 [ApplicationImpl pooled thread 533] INFO  c.b.l.BrowserStackRunExtension - Agent path: null
23:35:05.966 [ApplicationImpl pooled thread 538] INFO  c.b.l.BrowserStackRunExtension - testng
23:35:05.966 [ApplicationImpl pooled thread 538] INFO  com.browserstack.utils.Helpers - null
23:35:05.967 [ApplicationImpl pooled thread 538] INFO  c.b.l.BrowserStackRunExtension - Agent path: null
23:37:40.078 [ApplicationImpl pooled thread 535] INFO  c.b.l.BrowserStackRunExtension - testng
23:37:40.078 [ApplicationImpl pooled thread 535] INFO  com.browserstack.utils.Helpers - null
23:37:40.079 [ApplicationImpl pooled thread 535] INFO  c.b.l.BrowserStackRunExtension - Agent path: null
23:40:57.232 [ApplicationImpl pooled thread 531] INFO  c.b.l.BrowserStackRunExtension - testng
23:40:57.232 [ApplicationImpl pooled thread 531] INFO  com.browserstack.utils.Helpers - null
23:40:57.236 [ApplicationImpl pooled thread 531] INFO  c.b.l.BrowserStackRunExtension - Agent path: null
23:42:14.708 [ApplicationImpl pooled thread 541] INFO  c.b.l.BrowserStackRunExtension - testng
23:42:14.708 [ApplicationImpl pooled thread 541] INFO  com.browserstack.utils.Helpers - null
23:42:14.710 [ApplicationImpl pooled thread 541] INFO  c.b.l.BrowserStackRunExtension - Agent path: null
23:42:40.093 [ApplicationImpl pooled thread 546] INFO  c.b.l.BrowserStackRunExtension - testng
23:42:40.093 [ApplicationImpl pooled thread 546] INFO  com.browserstack.utils.Helpers - null
23:42:40.095 [ApplicationImpl pooled thread 546] INFO  c.b.l.BrowserStackRunExtension - Agent path: null
00:05:59.662 [ApplicationImpl pooled thread 598] INFO  c.b.l.BrowserStackRunExtension - testng
00:05:59.662 [ApplicationImpl pooled thread 598] INFO  com.browserstack.utils.Helpers - null
00:05:59.664 [ApplicationImpl pooled thread 598] INFO  c.b.l.BrowserStackRunExtension - Agent path: null
00:12:59.624 [ApplicationImpl pooled thread 616] INFO  c.b.l.BrowserStackRunExtension - testng
00:12:59.624 [ApplicationImpl pooled thread 616] INFO  com.browserstack.utils.Helpers - null
00:12:59.624 [ApplicationImpl pooled thread 616] INFO  c.b.l.BrowserStackRunExtension - Agent path: null
00:13:36.594 [ApplicationImpl pooled thread 617] INFO  c.b.l.BrowserStackRunExtension - testng
00:13:36.594 [ApplicationImpl pooled thread 617] INFO  com.browserstack.utils.Helpers - null
00:13:36.596 [ApplicationImpl pooled thread 617] INFO  c.b.l.BrowserStackRunExtension - Agent path: null
00:16:08.262 [ApplicationImpl pooled thread 625] INFO  c.b.l.BrowserStackRunExtension - testng
00:16:08.262 [ApplicationImpl pooled thread 625] INFO  com.browserstack.utils.Helpers - null
00:16:08.263 [ApplicationImpl pooled thread 625] INFO  c.b.l.BrowserStackRunExtension - Agent path: null
00:17:25.005 [ApplicationImpl pooled thread 617] INFO  c.b.l.BrowserStackRunExtension - testng
00:17:25.005 [ApplicationImpl pooled thread 617] INFO  com.browserstack.utils.Helpers - null
00:17:25.006 [ApplicationImpl pooled thread 617] INFO  c.b.l.BrowserStackRunExtension - Agent path: null
00:17:58.399 [ApplicationImpl pooled thread 617] INFO  c.b.l.BrowserStackRunExtension - testng
00:17:58.399 [ApplicationImpl pooled thread 617] INFO  com.browserstack.utils.Helpers - null
00:17:58.400 [ApplicationImpl pooled thread 617] INFO  c.b.l.BrowserStackRunExtension - Agent path: null
00:19:44.436 [ApplicationImpl pooled thread 606] INFO  c.b.l.BrowserStackRunExtension - testng
00:19:44.436 [ApplicationImpl pooled thread 606] INFO  com.browserstack.utils.Helpers - null
00:19:44.436 [ApplicationImpl pooled thread 606] INFO  c.b.l.BrowserStackRunExtension - Agent path: null
00:25:15.119 [ApplicationImpl pooled thread 653] INFO  c.b.l.BrowserStackRunExtension - testng
00:25:15.119 [ApplicationImpl pooled thread 653] INFO  com.browserstack.utils.Helpers - null
00:25:15.121 [ApplicationImpl pooled thread 653] INFO  c.b.l.BrowserStackRunExtension - Agent path: null
00:25:54.552 [ApplicationImpl pooled thread 633] INFO  c.b.l.BrowserStackRunExtension - testng
00:25:54.552 [ApplicationImpl pooled thread 633] INFO  com.browserstack.utils.Helpers - null
00:25:54.555 [ApplicationImpl pooled thread 633] INFO  c.b.l.BrowserStackRunExtension - Agent path: null
00:27:49.353 [ApplicationImpl pooled thread 664] INFO  c.b.l.BrowserStackRunExtension - testng
00:27:49.353 [ApplicationImpl pooled thread 664] INFO  com.browserstack.utils.Helpers - null
00:27:49.354 [ApplicationImpl pooled thread 664] INFO  c.b.l.BrowserStackRunExtension - Agent path: null
00:35:30.861 [ApplicationImpl pooled thread 670] INFO  c.b.l.BrowserStackRunExtension - testng
00:35:30.861 [ApplicationImpl pooled thread 670] INFO  com.browserstack.utils.Helpers - null
00:35:30.862 [ApplicationImpl pooled thread 670] INFO  c.b.l.BrowserStackRunExtension - Agent path: null
00:37:21.345 [ApplicationImpl pooled thread 684] INFO  c.b.l.BrowserStackRunExtension - testng
00:37:21.345 [ApplicationImpl pooled thread 684] INFO  com.browserstack.utils.Helpers - null
00:37:21.347 [ApplicationImpl pooled thread 684] INFO  c.b.l.BrowserStackRunExtension - Agent path: null
00:41:24.969 [ApplicationImpl pooled thread 679] INFO  c.b.l.BrowserStackRunExtension - testng
00:41:24.969 [ApplicationImpl pooled thread 679] INFO  com.browserstack.utils.Helpers - null
00:41:24.970 [ApplicationImpl pooled thread 679] INFO  c.b.l.BrowserStackRunExtension - Agent path: null
00:42:37.926 [ApplicationImpl pooled thread 707] INFO  c.b.l.BrowserStackRunExtension - testng
00:42:37.926 [ApplicationImpl pooled thread 707] INFO  com.browserstack.utils.Helpers - null
00:42:37.928 [ApplicationImpl pooled thread 707] INFO  c.b.l.BrowserStackRunExtension - Agent path: null
00:45:00.130 [ApplicationImpl pooled thread 716] INFO  c.b.l.BrowserStackRunExtension - testng
00:45:00.130 [ApplicationImpl pooled thread 716] INFO  com.browserstack.utils.Helpers - null
00:45:00.132 [ApplicationImpl pooled thread 716] INFO  c.b.l.BrowserStackRunExtension - Agent path: null
00:46:08.057 [ApplicationImpl pooled thread 729] INFO  c.b.l.BrowserStackRunExtension - junit
00:46:08.057 [ApplicationImpl pooled thread 729] INFO  com.browserstack.utils.Helpers - null
00:46:08.058 [ApplicationImpl pooled thread 729] INFO  c.b.l.BrowserStackRunExtension - Agent path: null
13:59:49.727 [ApplicationImpl pooled thread 83] INFO  c.b.l.BrowserStackRunExtension - junit
13:59:49.728 [ApplicationImpl pooled thread 83] INFO  com.browserstack.utils.Helpers - null
13:59:49.729 [ApplicationImpl pooled thread 83] INFO  c.b.l.BrowserStackRunExtension - Agent path: null
14:00:18.169 [ApplicationImpl pooled thread 101] INFO  c.b.l.BrowserStackRunExtension - testng
14:00:18.169 [ApplicationImpl pooled thread 101] INFO  com.browserstack.utils.Helpers - null
14:00:18.170 [ApplicationImpl pooled thread 101] INFO  c.b.l.BrowserStackRunExtension - Agent path: null
14:02:27.667 [ApplicationImpl pooled thread 101] INFO  c.b.l.BrowserStackRunExtension - junit
14:02:27.667 [ApplicationImpl pooled thread 101] INFO  com.browserstack.utils.Helpers - null
14:02:27.668 [ApplicationImpl pooled thread 101] INFO  c.b.l.BrowserStackRunExtension - Agent path: null
14:50:43.191 [ApplicationImpl pooled thread 132] INFO  c.b.l.BrowserStackRunExtension - junit
14:50:43.191 [ApplicationImpl pooled thread 132] INFO  com.browserstack.utils.Helpers - null
14:50:43.192 [ApplicationImpl pooled thread 132] INFO  c.b.l.BrowserStackRunExtension - Agent path: null
14:51:58.089 [ApplicationImpl pooled thread 130] INFO  c.b.l.BrowserStackRunExtension - testng
14:51:58.090 [ApplicationImpl pooled thread 130] INFO  com.browserstack.utils.Helpers - null
14:51:58.090 [ApplicationImpl pooled thread 130] INFO  c.b.l.BrowserStackRunExtension - Agent path: null
11:25:35.948 [ApplicationImpl pooled thread 218] INFO  c.b.l.BrowserStackRunExtension - junit
11:25:35.949 [ApplicationImpl pooled thread 218] INFO  com.browserstack.utils.Helpers - null
11:25:35.951 [ApplicationImpl pooled thread 218] INFO  c.b.l.BrowserStackRunExtension - Agent path: null
12:46:51.229 [ApplicationImpl pooled thread 236] INFO  c.b.l.BrowserStackRunExtension - junit
12:46:51.229 [ApplicationImpl pooled thread 236] INFO  com.browserstack.utils.Helpers - null
12:46:51.230 [ApplicationImpl pooled thread 236] INFO  c.b.l.BrowserStackRunExtension - Agent path: null
12:47:40.333 [ApplicationImpl pooled thread 249] INFO  c.b.l.BrowserStackRunExtension - testng
12:47:40.333 [ApplicationImpl pooled thread 249] INFO  com.browserstack.utils.Helpers - null
12:47:40.334 [ApplicationImpl pooled thread 249] INFO  c.b.l.BrowserStackRunExtension - Agent path: null
12:53:32.095 [ApplicationImpl pooled thread 272] INFO  c.b.l.BrowserStackRunExtension - junit
12:53:32.095 [ApplicationImpl pooled thread 272] INFO  com.browserstack.utils.Helpers - null
12:53:32.097 [ApplicationImpl pooled thread 272] INFO  c.b.l.BrowserStackRunExtension - Agent path: null
12:54:14.878 [ApplicationImpl pooled thread 271] INFO  c.b.l.BrowserStackRunExtension - maven
12:54:14.878 [ApplicationImpl pooled thread 271] INFO  com.browserstack.utils.Helpers - null
13:48:17.662 [ApplicationImpl pooled thread 20] INFO  c.b.l.BrowserStackRunExtension - junit
13:48:17.664 [ApplicationImpl pooled thread 20] INFO  com.browserstack.utils.Helpers - null
13:48:17.665 [ApplicationImpl pooled thread 20] INFO  c.b.l.BrowserStackRunExtension - Agent path: null
13:49:36.502 [ApplicationImpl pooled thread 54] INFO  c.b.l.BrowserStackRunExtension - testng
13:49:36.502 [ApplicationImpl pooled thread 54] INFO  com.browserstack.utils.Helpers - null
13:49:36.503 [ApplicationImpl pooled thread 54] INFO  c.b.l.BrowserStackRunExtension - Agent path: null
13:50:15.428 [ApplicationImpl pooled thread 20] INFO  c.b.l.BrowserStackRunExtension - maven
13:50:15.428 [ApplicationImpl pooled thread 20] INFO  com.browserstack.utils.Helpers - null
13:53:33.007 [ApplicationImpl pooled thread 86] INFO  c.b.l.BrowserStackRunExtension - maven
13:53:33.007 [ApplicationImpl pooled thread 86] INFO  com.browserstack.utils.Helpers - null
13:53:46.379 [ApplicationImpl pooled thread 73] INFO  c.b.l.BrowserStackRunExtension - testng
13:53:46.379 [ApplicationImpl pooled thread 73] INFO  com.browserstack.utils.Helpers - null
13:53:46.380 [ApplicationImpl pooled thread 73] INFO  c.b.l.BrowserStackRunExtension - Agent path: null
13:54:30.702 [ApplicationImpl pooled thread 72] INFO  c.b.l.BrowserStackRunExtension - junit
13:54:30.702 [ApplicationImpl pooled thread 72] INFO  com.browserstack.utils.Helpers - null
13:54:30.704 [ApplicationImpl pooled thread 72] INFO  c.b.l.BrowserStackRunExtension - Agent path: null
13:55:12.960 [ApplicationImpl pooled thread 61] INFO  c.b.l.BrowserStackRunExtension - testng
13:55:12.960 [ApplicationImpl pooled thread 61] INFO  com.browserstack.utils.Helpers - null
13:55:12.961 [ApplicationImpl pooled thread 61] INFO  c.b.l.BrowserStackRunExtension - Agent path: null
13:55:32.465 [ApplicationImpl pooled thread 73] INFO  c.b.l.BrowserStackRunExtension - maven
13:55:32.465 [ApplicationImpl pooled thread 73] INFO  com.browserstack.utils.Helpers - null
13:56:10.907 [ApplicationImpl pooled thread 98] INFO  c.b.l.BrowserStackRunExtension - junit
13:56:10.907 [ApplicationImpl pooled thread 98] INFO  com.browserstack.utils.Helpers - null
13:56:10.908 [ApplicationImpl pooled thread 98] INFO  c.b.l.BrowserStackRunExtension - Agent path: null
13:58:02.932 [ApplicationImpl pooled thread 93] INFO  c.b.l.BrowserStackRunExtension - junit
13:58:02.932 [ApplicationImpl pooled thread 93] INFO  com.browserstack.utils.Helpers - null
13:58:02.933 [ApplicationImpl pooled thread 93] INFO  c.b.l.BrowserStackRunExtension - Agent path: null
13:59:35.694 [ApplicationImpl pooled thread 110] INFO  c.b.l.BrowserStackRunExtension - junit
13:59:35.694 [ApplicationImpl pooled thread 110] INFO  com.browserstack.utils.Helpers - null
13:59:35.695 [ApplicationImpl pooled thread 110] INFO  c.b.l.BrowserStackRunExtension - Agent path: null
14:00:52.897 [ApplicationImpl pooled thread 109] INFO  c.b.l.BrowserStackRunExtension - junit
14:00:52.897 [ApplicationImpl pooled thread 109] INFO  com.browserstack.utils.Helpers - null
14:00:52.898 [ApplicationImpl pooled thread 109] INFO  c.b.l.BrowserStackRunExtension - Agent path: null
14:43:55.364 [ApplicationImpl pooled thread 171] INFO  c.b.l.BrowserStackRunExtension - junit
14:43:55.364 [ApplicationImpl pooled thread 171] INFO  com.browserstack.utils.Helpers - null
14:43:55.365 [ApplicationImpl pooled thread 171] INFO  c.b.l.BrowserStackRunExtension - Agent path: null
14:44:15.753 [ApplicationImpl pooled thread 168] INFO  c.b.l.BrowserStackRunExtension - junit
14:44:15.753 [ApplicationImpl pooled thread 168] INFO  com.browserstack.utils.Helpers - null
14:44:15.754 [ApplicationImpl pooled thread 168] INFO  c.b.l.BrowserStackRunExtension - Agent path: null
20:46:00.715 [ApplicationImpl pooled thread 52] INFO  c.b.l.BrowserStackRunExtension - junit
20:46:00.717 [ApplicationImpl pooled thread 52] INFO  com.browserstack.utils.Helpers - null
20:46:00.718 [ApplicationImpl pooled thread 52] INFO  c.b.l.BrowserStackRunExtension - Agent path: null
21:05:51.714 [ApplicationImpl pooled thread 78] INFO  c.b.l.BrowserStackRunExtension - junit
21:05:51.714 [ApplicationImpl pooled thread 78] INFO  com.browserstack.utils.Helpers - null
21:05:51.715 [ApplicationImpl pooled thread 78] INFO  c.b.l.BrowserStackRunExtension - Agent path: null
17:28:56.317 [ApplicationImpl pooled thread 4] INFO  c.b.l.BrowserStackRunExtension - testng
17:28:56.318 [ApplicationImpl pooled thread 4] INFO  com.browserstack.utils.Helpers - null
17:28:56.319 [ApplicationImpl pooled thread 4] INFO  c.b.l.BrowserStackRunExtension - Agent path: null
17:31:29.598 [ApplicationImpl pooled thread 47] INFO  c.b.l.BrowserStackRunExtension - testng
17:31:29.599 [ApplicationImpl pooled thread 47] INFO  com.browserstack.utils.Helpers - null
17:31:29.599 [ApplicationImpl pooled thread 47] INFO  c.b.l.BrowserStackRunExtension - Agent path: null
17:42:20.591 [ApplicationImpl pooled thread 69] INFO  c.b.l.BrowserStackRunExtension - testng
17:42:20.591 [ApplicationImpl pooled thread 69] INFO  com.browserstack.utils.Helpers - null
17:42:20.592 [ApplicationImpl pooled thread 69] INFO  c.b.l.BrowserStackRunExtension - Agent path: null
11:23:13.248 [ApplicationImpl pooled thread 41] INFO  c.b.l.BrowserStackRunExtension - testng
11:23:13.250 [ApplicationImpl pooled thread 41] INFO  com.browserstack.utils.Helpers - null
11:23:13.251 [ApplicationImpl pooled thread 41] INFO  c.b.l.BrowserStackRunExtension - Agent path: null
11:25:23.481 [ApplicationImpl pooled thread 3] INFO  c.b.l.BrowserStackRunExtension - testng
11:25:23.481 [ApplicationImpl pooled thread 3] INFO  com.browserstack.utils.Helpers - null
11:25:23.482 [ApplicationImpl pooled thread 3] INFO  c.b.l.BrowserStackRunExtension - Agent path: null
11:26:59.638 [ApplicationImpl pooled thread 50] INFO  c.b.l.BrowserStackRunExtension - testng
11:26:59.638 [ApplicationImpl pooled thread 50] INFO  com.browserstack.utils.Helpers - null
11:26:59.640 [ApplicationImpl pooled thread 50] INFO  c.b.l.BrowserStackRunExtension - Agent path: null
12:07:52.566 [ApplicationImpl pooled thread 89] INFO  c.b.l.BrowserStackRunExtension - testng
12:07:52.566 [ApplicationImpl pooled thread 89] INFO  com.browserstack.utils.Helpers - null
12:07:52.567 [ApplicationImpl pooled thread 89] INFO  c.b.l.BrowserStackRunExtension - Agent path: null
12:12:16.872 [ApplicationImpl pooled thread 98] INFO  c.b.l.BrowserStackRunExtension - testng
12:12:16.872 [ApplicationImpl pooled thread 98] INFO  com.browserstack.utils.Helpers - null
12:12:16.873 [ApplicationImpl pooled thread 98] INFO  c.b.l.BrowserStackRunExtension - Agent path: null
12:12:51.661 [ApplicationImpl pooled thread 97] INFO  c.b.l.BrowserStackRunExtension - testng
12:12:51.661 [ApplicationImpl pooled thread 97] INFO  com.browserstack.utils.Helpers - null
12:12:51.661 [ApplicationImpl pooled thread 97] INFO  c.b.l.BrowserStackRunExtension - Agent path: null
12:35:58.632 [ApplicationImpl pooled thread 138] INFO  c.b.l.BrowserStackRunExtension - testng
12:35:58.632 [ApplicationImpl pooled thread 138] INFO  com.browserstack.utils.Helpers - null
12:35:58.634 [ApplicationImpl pooled thread 138] INFO  c.b.l.BrowserStackRunExtension - Agent path: null
12:50:11.742 [ApplicationImpl pooled thread 151] INFO  c.b.l.BrowserStackRunExtension - testng
12:50:11.742 [ApplicationImpl pooled thread 151] INFO  com.browserstack.utils.Helpers - null
12:50:11.743 [ApplicationImpl pooled thread 151] INFO  c.b.l.BrowserStackRunExtension - Agent path: null
13:02:24.824 [ApplicationImpl pooled thread 169] INFO  c.b.l.BrowserStackRunExtension - testng
13:02:24.825 [ApplicationImpl pooled thread 169] INFO  com.browserstack.utils.Helpers - null
13:02:24.825 [ApplicationImpl pooled thread 169] INFO  c.b.l.BrowserStackRunExtension - Agent path: null
13:03:55.454 [ApplicationImpl pooled thread 169] INFO  c.b.l.BrowserStackRunExtension - testng
13:03:55.454 [ApplicationImpl pooled thread 169] INFO  com.browserstack.utils.Helpers - null
13:03:55.454 [ApplicationImpl pooled thread 169] INFO  c.b.l.BrowserStackRunExtension - Agent path: null
13:06:04.332 [ApplicationImpl pooled thread 176] INFO  c.b.l.BrowserStackRunExtension - testng
13:06:04.332 [ApplicationImpl pooled thread 176] INFO  com.browserstack.utils.Helpers - null
13:06:04.333 [ApplicationImpl pooled thread 176] INFO  c.b.l.BrowserStackRunExtension - Agent path: null
13:11:23.023 [ApplicationImpl pooled thread 183] INFO  c.b.l.BrowserStackRunExtension - testng
13:11:23.023 [ApplicationImpl pooled thread 183] INFO  com.browserstack.utils.Helpers - null
13:11:23.024 [ApplicationImpl pooled thread 183] INFO  c.b.l.BrowserStackRunExtension - Agent path: null
13:13:50.238 [ApplicationImpl pooled thread 179] INFO  c.b.l.BrowserStackRunExtension - testng
13:13:50.238 [ApplicationImpl pooled thread 179] INFO  com.browserstack.utils.Helpers - null
13:13:50.239 [ApplicationImpl pooled thread 179] INFO  c.b.l.BrowserStackRunExtension - Agent path: null
13:15:03.273 [ApplicationImpl pooled thread 188] INFO  c.b.l.BrowserStackRunExtension - testng
13:15:03.273 [ApplicationImpl pooled thread 188] INFO  com.browserstack.utils.Helpers - null
13:15:03.274 [ApplicationImpl pooled thread 188] INFO  c.b.l.BrowserStackRunExtension - Agent path: null
13:16:12.679 [ApplicationImpl pooled thread 191] INFO  c.b.l.BrowserStackRunExtension - testng
13:16:12.680 [ApplicationImpl pooled thread 191] INFO  com.browserstack.utils.Helpers - null
13:16:12.680 [ApplicationImpl pooled thread 191] INFO  c.b.l.BrowserStackRunExtension - Agent path: null
13:31:32.854 [ApplicationImpl pooled thread 205] INFO  c.b.l.BrowserStackRunExtension - testng
13:31:32.854 [ApplicationImpl pooled thread 205] INFO  com.browserstack.utils.Helpers - null
13:31:32.854 [ApplicationImpl pooled thread 205] INFO  c.b.l.BrowserStackRunExtension - Agent path: null
13:32:36.735 [ApplicationImpl pooled thread 203] INFO  c.b.l.BrowserStackRunExtension - testng
13:32:36.735 [ApplicationImpl pooled thread 203] INFO  com.browserstack.utils.Helpers - null
13:32:36.735 [ApplicationImpl pooled thread 203] INFO  c.b.l.BrowserStackRunExtension - Agent path: null
13:33:12.404 [ApplicationImpl pooled thread 213] INFO  c.b.l.BrowserStackRunExtension - testng
13:33:12.404 [ApplicationImpl pooled thread 213] INFO  com.browserstack.utils.Helpers - null
13:33:12.404 [ApplicationImpl pooled thread 213] INFO  c.b.l.BrowserStackRunExtension - Agent path: null
13:34:59.114 [ApplicationImpl pooled thread 208] INFO  c.b.l.BrowserStackRunExtension - testng
13:34:59.114 [ApplicationImpl pooled thread 208] INFO  com.browserstack.utils.Helpers - null
13:34:59.114 [ApplicationImpl pooled thread 208] INFO  c.b.l.BrowserStackRunExtension - Agent path: null
13:36:43.577 [ApplicationImpl pooled thread 204] INFO  c.b.l.BrowserStackRunExtension - testng
13:36:43.577 [ApplicationImpl pooled thread 204] INFO  com.browserstack.utils.Helpers - null
13:36:43.577 [ApplicationImpl pooled thread 204] INFO  c.b.l.BrowserStackRunExtension - Agent path: null
20:58:43.358 [ApplicationImpl pooled thread 129] INFO  c.b.l.BrowserStackRunExtension - testng
20:58:43.359 [ApplicationImpl pooled thread 129] INFO  com.browserstack.utils.Helpers - null
20:58:43.360 [ApplicationImpl pooled thread 129] INFO  c.b.l.BrowserStackRunExtension - Agent path: null
23:27:07.292 [ApplicationImpl pooled thread 64] INFO  c.b.l.BrowserStackRunExtension - testng
23:27:07.293 [ApplicationImpl pooled thread 64] INFO  com.browserstack.utils.Helpers - null
23:27:07.294 [ApplicationImpl pooled thread 64] INFO  c.b.l.BrowserStackRunExtension - Agent path: null
23:28:17.384 [ApplicationImpl pooled thread 56] INFO  c.b.l.BrowserStackRunExtension - testng
23:28:17.384 [ApplicationImpl pooled thread 56] INFO  com.browserstack.utils.Helpers - null
23:28:17.385 [ApplicationImpl pooled thread 56] INFO  c.b.l.BrowserStackRunExtension - Agent path: null
23:30:39.631 [ApplicationImpl pooled thread 70] INFO  c.b.l.BrowserStackRunExtension - testng
23:30:39.631 [ApplicationImpl pooled thread 70] INFO  com.browserstack.utils.Helpers - null
23:30:39.632 [ApplicationImpl pooled thread 70] INFO  c.b.l.BrowserStackRunExtension - Agent path: null
